  RecastRegion.cpp
  RecastRasterization.cpp
  RecastMeshDetail.cpp
  RecastMesh.cpp
  RecastLayers.cpp
  RecastFilter.cpp
  RecastDump.cpp
  RecastDebugDraw.cpp
  RecastContour.cpp
  RecastArea.cpp
  RecastAlloc.cpp
  Recast.cpp
  DetourTileCacheBuilder.cpp
  DetourTileCache.cpp
  DetourNode.cpp
  DetourNavMeshQuery.cpp
  DetourNavMeshBuilder.cpp
  DetourNavMesh.cpp
  DetourDebugDraw.cpp
  DetourCommon.cpp
  Generating Code...
  Compiling...
  DetourAlloc.cpp
  DebugDraw.cpp
  navigation.cpp
f:\projects\luxengine\src\ai\navigation.cpp(186): warning C4273: 'Lux::Navigation::update' : inconsistent dll linkage
          f:\projects\luxengine\src\ai\navigation.h(19) : see previous definition of 'update'
f:\projects\luxengine\src\ai\navigation.cpp(217): warning C4273: 'Lux::Navigation::draw' : inconsistent dll linkage
          f:\projects\luxengine\src\ai\navigation.h(18) : see previous definition of 'draw'
f:\projects\luxengine\src\ai\navigation.cpp(235): warning C4273: 'Lux::Navigation::Navigation' : inconsistent dll linkage
          f:\projects\luxengine\src\ai\navigation.h(13) : see previous definition of '{ctor}'
f:\projects\luxengine\src\ai\navigation.cpp(245): warning C4273: 'Lux::Navigation::~Navigation' : inconsistent dll linkage
          f:\projects\luxengine\src\ai\navigation.h(14) : see previous definition of '{dtor}'
f:\projects\luxengine\src\ai\navigation.cpp(251): warning C4273: 'Lux::Navigation::navigate' : inconsistent dll linkage
          f:\projects\luxengine\src\ai\navigation.h(16) : see previous definition of 'navigate'
f:\projects\luxengine\src\ai\navigation.cpp(279): warning C4273: 'Lux::Navigation::load' : inconsistent dll linkage
          f:\projects\luxengine\src\ai\navigation.h(17) : see previous definition of 'load'
  Generating Code...
     Creating library F:\Projects\LuxEngine\Debug\navigation.lib and object F:\Projects\LuxEngine\Debug\navigation.exp
LINK : fatal error LNK1561: entry point must be defined
